[debug] [2024-10-03T18:46:12.270Z] ----------------------------------------------------------------------
[debug] [2024-10-03T18:46:12.272Z] Command:       C:\Program Files\nodejs\node.exe C:\Users\JL\AppData\Local\pnpm\global\5\node_modules\firebase-tools\lib\bin\firebase.js emulators:start
[debug] [2024-10-03T18:46:12.273Z] CLI Version:   13.20.1
[debug] [2024-10-03T18:46:12.273Z] Platform:      win32
[debug] [2024-10-03T18:46:12.273Z] Node Version:  v20.17.0
[debug] [2024-10-03T18:46:12.273Z] Time:          Fri Oct 04 2024 02:46:12 GMT+0800 (Taipei Standard Time)
[debug] [2024-10-03T18:46:12.274Z] ----------------------------------------------------------------------
[debug] 
[debug] [2024-10-03T18:46:12.343Z] > command requires scopes: ["email","openid","https://www.googleapis.com/auth/cloudplatformprojects.readonly","https://www.googleapis.com/auth/firebase","https://www.googleapis.com/auth/cloud-platform"]
[debug] [2024-10-03T18:46:12.343Z] > authorizing via signed-in user (jmlin0101@gmail.com)
[debug] [2024-10-03T18:46:12.434Z] java version "23" 2024-09-17

[debug] [2024-10-03T18:46:12.434Z] Java(TM) SE Runtime Environment (build 23+37-2369)
Java HotSpot(TM) 64-Bit Server VM (build 23+37-2369, mixed mode, sharing)

[debug] [2024-10-03T18:46:12.456Z] Parsed Java major version: 23
[info] i  emulators: Starting emulators: functions, firestore {"metadata":{"emulator":{"name":"hub"},"message":"Starting emulators: functions, firestore"}}
[debug] [2024-10-03T18:46:12.471Z] [logging] Logging Emulator only supports listening on one address (127.0.0.1). Not listening on ::1
[debug] [2024-10-03T18:46:12.471Z] [firestore] Firestore Emulator only supports listening on one address (127.0.0.1). Not listening on ::1
[debug] [2024-10-03T18:46:12.471Z] [firestore.websocket] websocket server for firestore only supports listening on one address (127.0.0.1). Not listening on ::1
[debug] [2024-10-03T18:46:12.471Z] assigned listening specs for emulators {"user":{"hub":[{"address":"127.0.0.1","family":"IPv4","port":4400},{"address":"::1","family":"IPv6","port":4400}],"ui":[{"address":"127.0.0.1","family":"IPv4","port":4000},{"address":"::1","family":"IPv6","port":4000}],"logging":[{"address":"127.0.0.1","family":"IPv4","port":4500}],"firestore":[{"address":"127.0.0.1","family":"IPv4","port":8080}],"firestore.websocket":[{"address":"127.0.0.1","family":"IPv4","port":9150}]},"metadata":{"message":"assigned listening specs for emulators"}}
[debug] [2024-10-03T18:46:12.474Z] [hub] writing locator at C:\Users\JL\AppData\Local\Temp\hub-compassprdms.json
[debug] [2024-10-03T18:46:12.484Z] [functions] Functions Emulator only supports listening on one address (127.0.0.1). Not listening on ::1
[debug] [2024-10-03T18:46:12.485Z] [eventarc] Eventarc Emulator only supports listening on one address (127.0.0.1). Not listening on ::1
[debug] [2024-10-03T18:46:12.485Z] [tasks] Cloud Tasks Emulator only supports listening on one address (127.0.0.1). Not listening on ::1
[debug] [2024-10-03T18:46:12.485Z] late-assigned ports for functions and eventarc emulators {"user":{"hub":[{"address":"127.0.0.1","family":"IPv4","port":4400},{"address":"::1","family":"IPv6","port":4400}],"ui":[{"address":"127.0.0.1","family":"IPv4","port":4000},{"address":"::1","family":"IPv6","port":4000}],"logging":[{"address":"127.0.0.1","family":"IPv4","port":4500}],"firestore":[{"address":"127.0.0.1","family":"IPv4","port":8080}],"firestore.websocket":[{"address":"127.0.0.1","family":"IPv4","port":9150}],"functions":[{"address":"127.0.0.1","family":"IPv4","port":5001}],"eventarc":[{"address":"127.0.0.1","family":"IPv4","port":9299}],"tasks":[{"address":"127.0.0.1","family":"IPv4","port":9499}]},"metadata":{"message":"late-assigned ports for functions and eventarc emulators"}}
[warn] !  functions: The following emulators are not running, calls to these services from the Functions emulator will affect production: auth, database, hosting, pubsub, storage, dataconnect {"metadata":{"emulator":{"name":"functions"},"message":"The following emulators are not running, calls to these services from the Functions emulator will affect production: \u001b[1mauth, database, hosting, pubsub, storage, dataconnect\u001b[22m"}}
[debug] [2024-10-03T18:46:12.487Z] defaultcredentials: writing to file C:\Users\JL\AppData\Roaming\firebase\jmlin0101_gmail_com_application_default_credentials.json
[debug] [2024-10-03T18:46:12.488Z] Setting GAC to C:\Users\JL\AppData\Roaming\firebase\jmlin0101_gmail_com_application_default_credentials.json {"metadata":{"emulator":{"name":"functions"},"message":"Setting GAC to C:\\Users\\JL\\AppData\\Roaming\\firebase\\jmlin0101_gmail_com_application_default_credentials.json"}}
[debug] [2024-10-03T18:46:12.489Z] Checked if tokens are valid: true, expires at: 1727983325419
[debug] [2024-10-03T18:46:12.489Z] Checked if tokens are valid: true, expires at: 1727983325419
[debug] [2024-10-03T18:46:12.490Z] >>> [apiv2][query] GET https://firebase.googleapis.com/v1beta1/projects/compassprdms/adminSdkConfig [none]
[debug] [2024-10-03T18:46:12.782Z] <<< [apiv2][status] GET https://firebase.googleapis.com/v1beta1/projects/compassprdms/adminSdkConfig 200
[debug] [2024-10-03T18:46:12.782Z] <<< [apiv2][body] GET https://firebase.googleapis.com/v1beta1/projects/compassprdms/adminSdkConfig {"projectId":"compassprdms","storageBucket":"compassprdms.appspot.com"}
[debug] [2024-10-03T18:46:12.800Z] Ignoring unsupported arg: auto_download {"metadata":{"emulator":{"name":"firestore"},"message":"Ignoring unsupported arg: auto_download"}}
[debug] [2024-10-03T18:46:12.801Z] Ignoring unsupported arg: single_project_mode_error {"metadata":{"emulator":{"name":"firestore"},"message":"Ignoring unsupported arg: single_project_mode_error"}}
[debug] [2024-10-03T18:46:12.801Z] Starting Firestore Emulator with command {"binary":"java","args":["-Dgoogle.cloud_firestore.debug_log_level=FINE","-Duser.language=en","-jar","C:\\Users\\JL\\.cache\\firebase\\emulators\\cloud-firestore-emulator-v1.19.8.jar","--host","127.0.0.1","--port",8080,"--websocket_port",9150,"--project_id","compassprdms","--rules","C:\\Users\\JL\\Documents\\GitHub\\dms-firebase\\firestore.rules","--single_project_mode",true,"--functions_emulator","127.0.0.1:5001"],"optionalArgs":["port","webchannel_port","host","rules","websocket_port","functions_emulator","seed_from_export","project_id","single_project_mode"],"joinArgs":false,"shell":false,"port":8080} {"metadata":{"emulator":{"name":"firestore"},"message":"Starting Firestore Emulator with command {\"binary\":\"java\",\"args\":[\"-Dgoogle.cloud_firestore.debug_log_level=FINE\",\"-Duser.language=en\",\"-jar\",\"C:\\\\Users\\\\JL\\\\.cache\\\\firebase\\\\emulators\\\\cloud-firestore-emulator-v1.19.8.jar\",\"--host\",\"127.0.0.1\",\"--port\",8080,\"--websocket_port\",9150,\"--project_id\",\"compassprdms\",\"--rules\",\"C:\\\\Users\\\\JL\\\\Documents\\\\GitHub\\\\dms-firebase\\\\firestore.rules\",\"--single_project_mode\",true,\"--functions_emulator\",\"127.0.0.1:5001\"],\"optionalArgs\":[\"port\",\"webchannel_port\",\"host\",\"rules\",\"websocket_port\",\"functions_emulator\",\"seed_from_export\",\"project_id\",\"single_project_mode\"],\"joinArgs\":false,\"shell\":false,\"port\":8080}"}}
[info] i  firestore: Firestore Emulator logging to firestore-debug.log {"metadata":{"emulator":{"name":"firestore"},"message":"Firestore Emulator logging to \u001b[1mfirestore-debug.log\u001b[22m"}}
[info] +  firestore: Firestore Emulator UI websocket is running on 9150. {"metadata":{"emulator":{"name":"firestore"},"message":"Firestore Emulator UI websocket is running on 9150."}}
[debug] [2024-10-03T18:46:14.506Z] Ignoring unsupported arg: auto_download {"metadata":{"emulator":{"name":"ui"},"message":"Ignoring unsupported arg: auto_download"}}
[debug] [2024-10-03T18:46:14.506Z] Ignoring unsupported arg: port {"metadata":{"emulator":{"name":"ui"},"message":"Ignoring unsupported arg: port"}}
[debug] [2024-10-03T18:46:14.506Z] Starting Emulator UI with command {"binary":"node","args":["C:\\Users\\JL\\.cache\\firebase\\emulators\\ui-v1.13.0\\server\\server.mjs"],"optionalArgs":[],"joinArgs":false,"shell":false,"port":4000} {"metadata":{"emulator":{"name":"ui"},"message":"Starting Emulator UI with command {\"binary\":\"node\",\"args\":[\"C:\\\\Users\\\\JL\\\\.cache\\\\firebase\\\\emulators\\\\ui-v1.13.0\\\\server\\\\server.mjs\"],\"optionalArgs\":[],\"joinArgs\":false,\"shell\":false,\"port\":4000}"}}
[info] i  ui: Emulator UI logging to ui-debug.log {"metadata":{"emulator":{"name":"ui"},"message":"Emulator UI logging to \u001b[1mui-debug.log\u001b[22m"}}
[debug] [2024-10-03T18:46:14.648Z] Web / API server started at 127.0.0.1:4000
 {"metadata":{"emulator":{"name":"ui"},"message":"Web / API server started at 127.0.0.1:4000\n"}}
[debug] [2024-10-03T18:46:14.649Z] Web / API server started at ::1:4000
 {"metadata":{"emulator":{"name":"ui"},"message":"Web / API server started at ::1:4000\n"}}
[info] i  functions: Watching "C:\Users\JL\Documents\GitHub\dms-firebase\functions" for Cloud Functions... {"metadata":{"emulator":{"name":"functions"},"message":"Watching \"C:\\Users\\JL\\Documents\\GitHub\\dms-firebase\\functions\" for Cloud Functions..."}}
[debug] [2024-10-03T18:46:14.726Z] Validating nodejs source
[warn] !  functions: package.json indicates an outdated version of firebase-functions. Please upgrade using npm install --save firebase-functions@latest in your functions directory. 
[warn] !  functions: Please note that there will be breaking changes when you upgrade. 
[debug] [2024-10-03T18:46:15.487Z] > [functions] package.json contents: {
  "name": "functions",
  "type": "module",
  "description": "Cloud Functions for Firebase",
  "scripts": {
    "lint": "eslint .",
    "serve": "firebase emulators:start --only functions",
    "shell": "firebase functions:shell",
    "start": "npm run shell",
    "deploy": "firebase deploy --only functions",
    "logs": "firebase functions:log"
  },
  "engines": {
    "node": "18"
  },
  "main": "index.js",
  "dependencies": {
    "@google-cloud/functions-framework": "^3.4.2",
    "dms-scrape": "^0.4.0",
    "firebase-admin": "^12.1.0",
    "firebase-functions": "^5.0.0",
    "uuid": "^10.0.0"
  },
  "devDependencies": {
    "eslint": "^8.15.0",
    "eslint-config-google": "^0.14.0",
    "firebase-functions-test": "^3.1.0"
  },
  "private": true
}
[debug] [2024-10-03T18:46:15.487Z] Building nodejs source
[debug] [2024-10-03T18:46:15.487Z] Failed to find version of module node: reached end of search path C:\Users\JL\Documents\GitHub\dms-firebase\functions\node_modules
[warn] !  functions: Your requested "node" version "18" doesn't match your global version "20". Using node@20 from host. 
[debug] [2024-10-03T18:46:15.489Z] Could not find functions.yaml. Must use http discovery
[debug] [2024-10-03T18:46:15.495Z] Found firebase-functions binary at 'C:\Users\JL\Documents\GitHub\dms-firebase\functions\node_modules\.bin\firebase-functions'
[info] Serving at port 8208

[error] ReferenceError: getDate is not defined
    at file:///C:/Users/JL/Documents/GitHub/dms-firebase/functions/index.js:15:34
    at ModuleJob.run (node:internal/modules/esm/module_job:234:25)
    at async ModuleLoader.import (node:internal/modules/esm/loader:473:24)
    at async loadModule (C:\Users\JL\Documents\GitHub\dms-firebase\functions\node_modules\.pnpm\firebase-functions@5.1.1_firebase-admin@12.5.0\node_modules\firebase-functions\lib\runtime\loader.js:48:20)
    at async loadStack (C:\Users\JL\Documents\GitHub\dms-firebase\functions\node_modules\.pnpm\firebase-functions@5.1.1_firebase-admin@12.5.0\node_modules\firebase-functions\lib\runtime\loader.js:157:17)
    at async C:\Users\JL\Documents\GitHub\dms-firebase\functions\node_modules\.pnpm\firebase-functions@5.1.1_firebase-admin@12.5.0\node_modules\firebase-functions\lib\bin\firebase-functions.js:56:27

[debug] [2024-10-03T18:46:16.571Z] Got response code 400; body Failed to generate manifest from function source: ReferenceError: getDate is not defined
[error] !!  functions: Failed to load function definition from source: FirebaseError: Functions codebase could not be analyzed successfully. It may have a syntax or runtime error {"metadata":{"emulator":{"name":"functions"},"message":"Failed to load function definition from source: FirebaseError: Functions codebase could not be analyzed successfully. It may have a syntax or runtime error"}}
[debug] [2024-10-03T18:46:21.598Z] Could not find VSCode notification endpoint: FetchError: request to http://localhost:40001/vscode/notify failed, reason: 
[info] 
┌─────────────────────────────────────────────────────────────┐
│ ✔  All emulators ready! It is now safe to connect your app. │
│ i  View Emulator UI at http://127.0.0.1:4000/               │
└─────────────────────────────────────────────────────────────┘

┌───────────┬────────────────┬─────────────────────────────────┐
│ Emulator  │ Host:Port      │ View in Emulator UI             │
├───────────┼────────────────┼─────────────────────────────────┤
│ Functions │ 127.0.0.1:5001 │ http://127.0.0.1:4000/functions │
├───────────┼────────────────┼─────────────────────────────────┤
│ Firestore │ 127.0.0.1:8080 │ http://127.0.0.1:4000/firestore │
└───────────┴────────────────┴─────────────────────────────────┘
  Emulator Hub running at 127.0.0.1:4400
  Other reserved ports: 4500, 9150

Issues? Report them at https://github.com/firebase/firebase-tools/issues and attach the *-debug.log files.
 
[debug] [2024-10-03T18:46:46.669Z] File C:\Users\JL\Documents\GitHub\dms-firebase\functions\index.js changed, reloading triggers {"metadata":{"emulator":{"name":"functions"},"message":"File C:\\Users\\JL\\Documents\\GitHub\\dms-firebase\\functions\\index.js changed, reloading triggers"}}
[debug] [2024-10-03T18:46:47.670Z] Validating nodejs source
[warn] !  functions: package.json indicates an outdated version of firebase-functions. Please upgrade using npm install --save firebase-functions@latest in your functions directory. 
[warn] !  functions: Please note that there will be breaking changes when you upgrade. 
[debug] [2024-10-03T18:46:48.364Z] > [functions] package.json contents: {
  "name": "functions",
  "type": "module",
  "description": "Cloud Functions for Firebase",
  "scripts": {
    "lint": "eslint .",
    "serve": "firebase emulators:start --only functions",
    "shell": "firebase functions:shell",
    "start": "npm run shell",
    "deploy": "firebase deploy --only functions",
    "logs": "firebase functions:log"
  },
  "engines": {
    "node": "18"
  },
  "main": "index.js",
  "dependencies": {
    "@google-cloud/functions-framework": "^3.4.2",
    "dms-scrape": "^0.4.0",
    "firebase-admin": "^12.1.0",
    "firebase-functions": "^5.0.0",
    "uuid": "^10.0.0"
  },
  "devDependencies": {
    "eslint": "^8.15.0",
    "eslint-config-google": "^0.14.0",
    "firebase-functions-test": "^3.1.0"
  },
  "private": true
}
[debug] [2024-10-03T18:46:48.364Z] Building nodejs source
[debug] [2024-10-03T18:46:48.364Z] Failed to find version of module node: reached end of search path C:\Users\JL\Documents\GitHub\dms-firebase\functions\node_modules
[warn] !  functions: Your requested "node" version "18" doesn't match your global version "20". Using node@20 from host. 
[debug] [2024-10-03T18:46:48.366Z] Could not find functions.yaml. Must use http discovery
[debug] [2024-10-03T18:46:48.370Z] Found firebase-functions binary at 'C:\Users\JL\Documents\GitHub\dms-firebase\functions\node_modules\.bin\firebase-functions'
[info] Serving at port 8041

[debug] [2024-10-03T18:46:49.267Z] Got response from /__/functions.yaml {"endpoints":{"addextdata":{"availableMemoryMb":null,"timeoutSeconds":null,"minInstances":null,"maxInstances":null,"ingressSettings":null,"concurrency":null,"serviceAccountEmail":null,"vpc":null,"platform":"gcfv2","region":["asia-east1"],"labels":{},"httpsTrigger":{},"entryPoint":"addextdata"},"addexthtml":{"availableMemoryMb":null,"timeoutSeconds":null,"minInstances":null,"maxInstances":null,"ingressSettings":null,"concurrency":null,"serviceAccountEmail":null,"vpc":null,"platform":"gcfv2","region":["asia-east1"],"labels":{},"httpsTrigger":{},"entryPoint":"addexthtml"},"addexturl":{"availableMemoryMb":null,"timeoutSeconds":null,"minInstances":null,"maxInstances":null,"ingressSettings":null,"concurrency":null,"serviceAccountEmail":null,"vpc":null,"platform":"gcfv2","region":["asia-east1"],"labels":{},"httpsTrigger":{},"entryPoint":"addexturl"},"addlineurl":{"availableMemoryMb":null,"timeoutSeconds":null,"minInstances":null,"maxInstances":null,"ingressSettings":null,"concurrency":null,"serviceAccountEmail":null,"vpc":null,"platform":"gcfv2","region":["asia-east1"],"labels":{},"httpsTrigger":{},"entryPoint":"addlineurl"}},"specVersion":"v1alpha1","requiredAPIs":[],"extensions":{}}
[info] +  functions: Loaded functions definitions from source: addextdata, addexthtml, addexturl, addlineurl. {"metadata":{"emulator":{"name":"functions"},"message":"Loaded functions definitions from source: addextdata, addexthtml, addexturl, addlineurl."}}
[info] +  functions[asia-east1-addextdata]: http function initialized (http://127.0.0.1:5001/compassprdms/asia-east1/addextdata). {"metadata":{"emulator":{"name":"functions"},"message":"\u001b[1mhttp\u001b[22m function initialized (http://127.0.0.1:5001/compassprdms/asia-east1/addextdata)."}}
[info] +  functions[asia-east1-addexthtml]: http function initialized (http://127.0.0.1:5001/compassprdms/asia-east1/addexthtml). {"metadata":{"emulator":{"name":"functions"},"message":"\u001b[1mhttp\u001b[22m function initialized (http://127.0.0.1:5001/compassprdms/asia-east1/addexthtml)."}}
[info] +  functions[asia-east1-addexturl]: http function initialized (http://127.0.0.1:5001/compassprdms/asia-east1/addexturl). {"metadata":{"emulator":{"name":"functions"},"message":"\u001b[1mhttp\u001b[22m function initialized (http://127.0.0.1:5001/compassprdms/asia-east1/addexturl)."}}
[info] +  functions[asia-east1-addlineurl]: http function initialized (http://127.0.0.1:5001/compassprdms/asia-east1/addlineurl). {"metadata":{"emulator":{"name":"functions"},"message":"\u001b[1mhttp\u001b[22m function initialized (http://127.0.0.1:5001/compassprdms/asia-east1/addlineurl)."}}
[debug] [2024-10-03T18:49:59.112Z] File C:\Users\JL\Documents\GitHub\dms-firebase\functions\index.js changed, reloading triggers {"metadata":{"emulator":{"name":"functions"},"message":"File C:\\Users\\JL\\Documents\\GitHub\\dms-firebase\\functions\\index.js changed, reloading triggers"}}
[debug] [2024-10-03T18:50:00.127Z] Validating nodejs source
[warn] !  functions: package.json indicates an outdated version of firebase-functions. Please upgrade using npm install --save firebase-functions@latest in your functions directory. 
[warn] !  functions: Please note that there will be breaking changes when you upgrade. 
[debug] [2024-10-03T18:50:00.912Z] > [functions] package.json contents: {
  "name": "functions",
  "type": "module",
  "description": "Cloud Functions for Firebase",
  "scripts": {
    "lint": "eslint .",
    "serve": "firebase emulators:start --only functions",
    "shell": "firebase functions:shell",
    "start": "npm run shell",
    "deploy": "firebase deploy --only functions",
    "logs": "firebase functions:log"
  },
  "engines": {
    "node": "18"
  },
  "main": "index.js",
  "dependencies": {
    "@google-cloud/functions-framework": "^3.4.2",
    "dms-scrape": "^0.4.0",
    "firebase-admin": "^12.1.0",
    "firebase-functions": "^5.0.0",
    "uuid": "^10.0.0"
  },
  "devDependencies": {
    "eslint": "^8.15.0",
    "eslint-config-google": "^0.14.0",
    "firebase-functions-test": "^3.1.0"
  },
  "private": true
}
[debug] [2024-10-03T18:50:00.912Z] Building nodejs source
[debug] [2024-10-03T18:50:00.913Z] Failed to find version of module node: reached end of search path C:\Users\JL\Documents\GitHub\dms-firebase\functions\node_modules
[warn] !  functions: Your requested "node" version "18" doesn't match your global version "20". Using node@20 from host. 
[debug] [2024-10-03T18:50:00.913Z] Could not find functions.yaml. Must use http discovery
[debug] [2024-10-03T18:50:00.918Z] Found firebase-functions binary at 'C:\Users\JL\Documents\GitHub\dms-firebase\functions\node_modules\.bin\firebase-functions'
[info] Serving at port 8703

[error] ReferenceError: currentYear is not defined
    at file:///C:/Users/JL/Documents/GitHub/dms-firebase/functions/index.js:17:40
    at ModuleJob.run (node:internal/modules/esm/module_job:234:25)
    at async ModuleLoader.import (node:internal/modules/esm/loader:473:24)
    at async loadModule (C:\Users\JL\Documents\GitHub\dms-firebase\functions\node_modules\.pnpm\firebase-functions@5.1.1_firebase-admin@12.5.0\node_modules\firebase-functions\lib\runtime\loader.js:48:20)
    at async loadStack (C:\Users\JL\Documents\GitHub\dms-firebase\functions\node_modules\.pnpm\firebase-functions@5.1.1_firebase-admin@12.5.0\node_modules\firebase-functions\lib\runtime\loader.js:157:17)
    at async C:\Users\JL\Documents\GitHub\dms-firebase\functions\node_modules\.pnpm\firebase-functions@5.1.1_firebase-admin@12.5.0\node_modules\firebase-functions\lib\bin\firebase-functions.js:56:27

[debug] [2024-10-03T18:50:01.872Z] Got response code 400; body Failed to generate manifest from function source: ReferenceError: currentYear is not defined
[debug] [2024-10-03T18:50:05.353Z] File C:\Users\JL\Documents\GitHub\dms-firebase\functions\index.js changed, reloading triggers {"metadata":{"emulator":{"name":"functions"},"message":"File C:\\Users\\JL\\Documents\\GitHub\\dms-firebase\\functions\\index.js changed, reloading triggers"}}
[debug] [2024-10-03T18:50:06.355Z] Validating nodejs source
[warn] !  functions: package.json indicates an outdated version of firebase-functions. Please upgrade using npm install --save firebase-functions@latest in your functions directory. 
[warn] !  functions: Please note that there will be breaking changes when you upgrade. 
[debug] [2024-10-03T18:50:07.119Z] > [functions] package.json contents: {
  "name": "functions",
  "type": "module",
  "description": "Cloud Functions for Firebase",
  "scripts": {
    "lint": "eslint .",
    "serve": "firebase emulators:start --only functions",
    "shell": "firebase functions:shell",
    "start": "npm run shell",
    "deploy": "firebase deploy --only functions",
    "logs": "firebase functions:log"
  },
  "engines": {
    "node": "18"
  },
  "main": "index.js",
  "dependencies": {
    "@google-cloud/functions-framework": "^3.4.2",
    "dms-scrape": "^0.4.0",
    "firebase-admin": "^12.1.0",
    "firebase-functions": "^5.0.0",
    "uuid": "^10.0.0"
  },
  "devDependencies": {
    "eslint": "^8.15.0",
    "eslint-config-google": "^0.14.0",
    "firebase-functions-test": "^3.1.0"
  },
  "private": true
}
[debug] [2024-10-03T18:50:07.119Z] Building nodejs source
[debug] [2024-10-03T18:50:07.119Z] Failed to find version of module node: reached end of search path C:\Users\JL\Documents\GitHub\dms-firebase\functions\node_modules
[warn] !  functions: Your requested "node" version "18" doesn't match your global version "20". Using node@20 from host. 
[debug] [2024-10-03T18:50:07.120Z] Could not find functions.yaml. Must use http discovery
[debug] [2024-10-03T18:50:07.124Z] Found firebase-functions binary at 'C:\Users\JL\Documents\GitHub\dms-firebase\functions\node_modules\.bin\firebase-functions'
[error] !!  functions: Failed to load function definition from source: FirebaseError: Functions codebase could not be analyzed successfully. It may have a syntax or runtime error {"metadata":{"emulator":{"name":"functions"},"message":"Failed to load function definition from source: FirebaseError: Functions codebase could not be analyzed successfully. It may have a syntax or runtime error"}}
[info] Serving at port 8042

[debug] [2024-10-03T18:50:08.055Z] Got response from /__/functions.yaml {"endpoints":{"addextdata":{"availableMemoryMb":null,"timeoutSeconds":null,"minInstances":null,"maxInstances":null,"ingressSettings":null,"concurrency":null,"serviceAccountEmail":null,"vpc":null,"platform":"gcfv2","region":["asia-east1"],"labels":{},"httpsTrigger":{},"entryPoint":"addextdata"},"addexthtml":{"availableMemoryMb":null,"timeoutSeconds":null,"minInstances":null,"maxInstances":null,"ingressSettings":null,"concurrency":null,"serviceAccountEmail":null,"vpc":null,"platform":"gcfv2","region":["asia-east1"],"labels":{},"httpsTrigger":{},"entryPoint":"addexthtml"},"addexturl":{"availableMemoryMb":null,"timeoutSeconds":null,"minInstances":null,"maxInstances":null,"ingressSettings":null,"concurrency":null,"serviceAccountEmail":null,"vpc":null,"platform":"gcfv2","region":["asia-east1"],"labels":{},"httpsTrigger":{},"entryPoint":"addexturl"},"addlineurl":{"availableMemoryMb":null,"timeoutSeconds":null,"minInstances":null,"maxInstances":null,"ingressSettings":null,"concurrency":null,"serviceAccountEmail":null,"vpc":null,"platform":"gcfv2","region":["asia-east1"],"labels":{},"httpsTrigger":{},"entryPoint":"addlineurl"}},"specVersion":"v1alpha1","requiredAPIs":[],"extensions":{}}
[info] +  functions: Loaded functions definitions from source: addextdata, addexthtml, addexturl, addlineurl. {"metadata":{"emulator":{"name":"functions"},"message":"Loaded functions definitions from source: addextdata, addexthtml, addexturl, addlineurl."}}
[debug] [2024-10-03T18:50:43.473Z] [work-queue] {"queuedWork":["/compassprdms/asia-east1/addlineurl-2024-10-03T18:50:43.473Z"],"queueLength":1,"runningWork":[],"workRunningCount":0}
[debug] [2024-10-03T18:50:43.474Z] [work-queue] {"queuedWork":[],"queueLength":0,"runningWork":["/compassprdms/asia-east1/addlineurl-2024-10-03T18:50:43.473Z"],"workRunningCount":1}
[debug] [2024-10-03T18:50:43.474Z] Accepted request GET /compassprdms/asia-east1/addlineurl --> asia-east1-addlineurl
[debug] [2024-10-03T18:50:43.475Z] [functions] Runtime ready! Sending request! {"metadata":{"emulator":{"name":"functions"},"message":"[functions] Runtime ready! Sending request!"}}
[debug] [2024-10-03T18:50:43.475Z] [functions] Got req.url=/compassprdms/asia-east1/addlineurl, mapping to path=/ {"metadata":{"emulator":{"name":"functions"},"message":"[functions] Got req.url=/compassprdms/asia-east1/addlineurl, mapping to path=/"}}
[debug] [2024-10-03T18:50:43.484Z] [worker-pool] addWorker(asia-east1-addlineurl) {"metadata":{"emulator":{"name":"functions"},"message":"[worker-pool] addWorker(asia-east1-addlineurl)"}}
[debug] [2024-10-03T18:50:43.484Z] [worker-pool] Adding worker with key asia-east1-addlineurl, total=1 {"metadata":{"emulator":{"name":"functions"},"message":"[worker-pool] Adding worker with key asia-east1-addlineurl, total=1"}}
[debug] [2024-10-03T18:50:44.728Z] [runtime-status] [23076] Resolved module firebase-admin {"declared":true,"installed":true,"version":"12.5.0","resolution":"C:\\Users\\JL\\Documents\\GitHub\\dms-firebase\\functions\\node_modules\\.pnpm\\firebase-admin@12.5.0\\node_modules\\firebase-admin\\lib\\index.js"} {"metadata":{"emulator":{"name":"functions"},"function":{"name":"asia-east1-addlineurl"},"extension":{},"message":"[runtime-status] [23076] Resolved module firebase-admin {\"declared\":true,\"installed\":true,\"version\":\"12.5.0\",\"resolution\":\"C:\\\\Users\\\\JL\\\\Documents\\\\GitHub\\\\dms-firebase\\\\functions\\\\node_modules\\\\.pnpm\\\\firebase-admin@12.5.0\\\\node_modules\\\\firebase-admin\\\\lib\\\\index.js\"}"}}
[debug] [2024-10-03T18:50:44.729Z] [runtime-status] [23076] Resolved module firebase-functions {"declared":true,"installed":true,"version":"5.1.1","resolution":"C:\\Users\\JL\\Documents\\GitHub\\dms-firebase\\functions\\node_modules\\.pnpm\\firebase-functions@5.1.1_firebase-admin@12.5.0\\node_modules\\firebase-functions\\lib\\v1\\index.js"} {"metadata":{"emulator":{"name":"functions"},"function":{"name":"asia-east1-addlineurl"},"extension":{},"message":"[runtime-status] [23076] Resolved module firebase-functions {\"declared\":true,\"installed\":true,\"version\":\"5.1.1\",\"resolution\":\"C:\\\\Users\\\\JL\\\\Documents\\\\GitHub\\\\dms-firebase\\\\functions\\\\node_modules\\\\.pnpm\\\\firebase-functions@5.1.1_firebase-admin@12.5.0\\\\node_modules\\\\firebase-functions\\\\lib\\\\v1\\\\index.js\"}"}}
[debug] [2024-10-03T18:50:44.729Z] [runtime-status] [23076] Outgoing network have been stubbed. [{"name":"http","status":"mocked"},{"name":"http","status":"mocked"},{"name":"https","status":"mocked"},{"name":"https","status":"mocked"},{"name":"net","status":"mocked"}] {"metadata":{"emulator":{"name":"functions"},"function":{"name":"asia-east1-addlineurl"},"extension":{},"message":"[runtime-status] [23076] Outgoing network have been stubbed. [{\"name\":\"http\",\"status\":\"mocked\"},{\"name\":\"http\",\"status\":\"mocked\"},{\"name\":\"https\",\"status\":\"mocked\"},{\"name\":\"https\",\"status\":\"mocked\"},{\"name\":\"net\",\"status\":\"mocked\"}]"}}
[debug] [2024-10-03T18:50:44.730Z] [runtime-status] [23076] Resolved module firebase-functions {"declared":true,"installed":true,"version":"5.1.1","resolution":"C:\\Users\\JL\\Documents\\GitHub\\dms-firebase\\functions\\node_modules\\.pnpm\\firebase-functions@5.1.1_firebase-admin@12.5.0\\node_modules\\firebase-functions\\lib\\v1\\index.js"} {"metadata":{"emulator":{"name":"functions"},"function":{"name":"asia-east1-addlineurl"},"extension":{},"message":"[runtime-status] [23076] Resolved module firebase-functions {\"declared\":true,\"installed\":true,\"version\":\"5.1.1\",\"resolution\":\"C:\\\\Users\\\\JL\\\\Documents\\\\GitHub\\\\dms-firebase\\\\functions\\\\node_modules\\\\.pnpm\\\\firebase-functions@5.1.1_firebase-admin@12.5.0\\\\node_modules\\\\firebase-functions\\\\lib\\\\v1\\\\index.js\"}"}}
[debug] [2024-10-03T18:50:45.000Z] [runtime-status] [23076] Checked functions.config() {"config":{}} {"metadata":{"emulator":{"name":"functions"},"function":{"name":"asia-east1-addlineurl"},"extension":{},"message":"[runtime-status] [23076] Checked functions.config() {\"config\":{}}"}}
[debug] [2024-10-03T18:50:45.001Z] [runtime-status] [23076] firebase-functions has been stubbed. {"functionsResolution":{"declared":true,"installed":true,"version":"5.1.1","resolution":"C:\\Users\\JL\\Documents\\GitHub\\dms-firebase\\functions\\node_modules\\.pnpm\\firebase-functions@5.1.1_firebase-admin@12.5.0\\node_modules\\firebase-functions\\lib\\v1\\index.js"}} {"metadata":{"emulator":{"name":"functions"},"function":{"name":"asia-east1-addlineurl"},"extension":{},"message":"[runtime-status] [23076] firebase-functions has been stubbed. {\"functionsResolution\":{\"declared\":true,\"installed\":true,\"version\":\"5.1.1\",\"resolution\":\"C:\\\\Users\\\\JL\\\\Documents\\\\GitHub\\\\dms-firebase\\\\functions\\\\node_modules\\\\.pnpm\\\\firebase-functions@5.1.1_firebase-admin@12.5.0\\\\node_modules\\\\firebase-functions\\\\lib\\\\v1\\\\index.js\"}}"}}
[debug] [2024-10-03T18:50:45.001Z] [runtime-status] [23076] Resolved module firebase-functions {"declared":true,"installed":true,"version":"5.1.1","resolution":"C:\\Users\\JL\\Documents\\GitHub\\dms-firebase\\functions\\node_modules\\.pnpm\\firebase-functions@5.1.1_firebase-admin@12.5.0\\node_modules\\firebase-functions\\lib\\v1\\index.js"} {"metadata":{"emulator":{"name":"functions"},"function":{"name":"asia-east1-addlineurl"},"extension":{},"message":"[runtime-status] [23076] Resolved module firebase-functions {\"declared\":true,\"installed\":true,\"version\":\"5.1.1\",\"resolution\":\"C:\\\\Users\\\\JL\\\\Documents\\\\GitHub\\\\dms-firebase\\\\functions\\\\node_modules\\\\.pnpm\\\\firebase-functions@5.1.1_firebase-admin@12.5.0\\\\node_modules\\\\firebase-functions\\\\lib\\\\v1\\\\index.js\"}"}}
[debug] [2024-10-03T18:50:45.002Z] [runtime-status] [23076] Resolved module firebase-admin {"declared":true,"installed":true,"version":"12.5.0","resolution":"C:\\Users\\JL\\Documents\\GitHub\\dms-firebase\\functions\\node_modules\\.pnpm\\firebase-admin@12.5.0\\node_modules\\firebase-admin\\lib\\index.js"} {"metadata":{"emulator":{"name":"functions"},"function":{"name":"asia-east1-addlineurl"},"extension":{},"message":"[runtime-status] [23076] Resolved module firebase-admin {\"declared\":true,\"installed\":true,\"version\":\"12.5.0\",\"resolution\":\"C:\\\\Users\\\\JL\\\\Documents\\\\GitHub\\\\dms-firebase\\\\functions\\\\node_modules\\\\.pnpm\\\\firebase-admin@12.5.0\\\\node_modules\\\\firebase-admin\\\\lib\\\\index.js\"}"}}
[debug] [2024-10-03T18:50:45.004Z] [runtime-status] [23076] Resolved module firebase-functions {"declared":true,"installed":true,"version":"5.1.1","resolution":"C:\\Users\\JL\\Documents\\GitHub\\dms-firebase\\functions\\node_modules\\.pnpm\\firebase-functions@5.1.1_firebase-admin@12.5.0\\node_modules\\firebase-functions\\lib\\v1\\index.js"} {"metadata":{"emulator":{"name":"functions"},"function":{"name":"asia-east1-addlineurl"},"extension":{},"message":"[runtime-status] [23076] Resolved module firebase-functions {\"declared\":true,\"installed\":true,\"version\":\"5.1.1\",\"resolution\":\"C:\\\\Users\\\\JL\\\\Documents\\\\GitHub\\\\dms-firebase\\\\functions\\\\node_modules\\\\.pnpm\\\\firebase-functions@5.1.1_firebase-admin@12.5.0\\\\node_modules\\\\firebase-functions\\\\lib\\\\v1\\\\index.js\"}"}}
[debug] [2024-10-03T18:50:45.004Z] [runtime-status] [23076] firebase-admin has been stubbed. {"adminResolution":{"declared":true,"installed":true,"version":"12.5.0","resolution":"C:\\Users\\JL\\Documents\\GitHub\\dms-firebase\\functions\\node_modules\\.pnpm\\firebase-admin@12.5.0\\node_modules\\firebase-admin\\lib\\index.js"}} {"metadata":{"emulator":{"name":"functions"},"function":{"name":"asia-east1-addlineurl"},"extension":{},"message":"[runtime-status] [23076] firebase-admin has been stubbed. {\"adminResolution\":{\"declared\":true,\"installed\":true,\"version\":\"12.5.0\",\"resolution\":\"C:\\\\Users\\\\JL\\\\Documents\\\\GitHub\\\\dms-firebase\\\\functions\\\\node_modules\\\\.pnpm\\\\firebase-admin@12.5.0\\\\node_modules\\\\firebase-admin\\\\lib\\\\index.js\"}}"}}
[debug] [2024-10-03T18:50:45.406Z] [runtime-status] [23076] Functions runtime initialized. {"cwd":"C:\\Users\\JL\\Documents\\GitHub\\dms-firebase\\functions","node_version":"20.17.0"} {"metadata":{"emulator":{"name":"functions"},"function":{"name":"asia-east1-addlineurl"},"extension":{},"message":"[runtime-status] [23076] Functions runtime initialized. {\"cwd\":\"C:\\\\Users\\\\JL\\\\Documents\\\\GitHub\\\\dms-firebase\\\\functions\",\"node_version\":\"20.17.0\"}"}}
[debug] [2024-10-03T18:50:45.407Z] [runtime-status] [23076] Listening to port: \\?\pipe\fire_emu_0f74b14ba17edbaf {"metadata":{"emulator":{"name":"functions"},"function":{"name":"asia-east1-addlineurl"},"extension":{},"message":"[runtime-status] [23076] Listening to port: \\\\?\\pipe\\fire_emu_0f74b14ba17edbaf"}}
[debug] [2024-10-03T18:50:45.436Z] [worker-asia-east1-addlineurl-ee5bee45-b730-4510-ab57-3eb1ad88b290]: IDLE {"metadata":{"emulator":{"name":"functions"},"function":{"name":"asia-east1-addlineurl"},"extension":{},"message":"[worker-asia-east1-addlineurl-ee5bee45-b730-4510-ab57-3eb1ad88b290]: IDLE"}}
[debug] [2024-10-03T18:50:45.436Z] [worker-pool] submitRequest(triggerId=asia-east1-addlineurl) {"metadata":{"emulator":{"name":"functions"},"message":"[worker-pool] submitRequest(triggerId=asia-east1-addlineurl)"}}
[info] i  functions: Beginning execution of "asia-east1-addlineurl" {"metadata":{"emulator":{"name":"functions"},"function":{"name":"asia-east1-addlineurl"},"extension":{},"message":"Beginning execution of \"asia-east1-addlineurl\""}}
[debug] [2024-10-03T18:50:45.437Z] [worker-asia-east1-addlineurl-ee5bee45-b730-4510-ab57-3eb1ad88b290]: BUSY {"metadata":{"emulator":{"name":"functions"},"function":{"name":"asia-east1-addlineurl"},"extension":{},"message":"[worker-asia-east1-addlineurl-ee5bee45-b730-4510-ab57-3eb1ad88b290]: BUSY"}}
[debug] [2024-10-03T18:50:46.283Z] Finishing up request with event=pause {"metadata":{"emulator":{"name":"functions"},"function":{"name":"asia-east1-addlineurl"},"extension":{},"message":"Finishing up request with event=pause"}}
[info] i  functions: Finished "asia-east1-addlineurl" in 846.238ms {"metadata":{"emulator":{"name":"functions"},"function":{"name":"asia-east1-addlineurl"},"extension":{},"message":"Finished \"asia-east1-addlineurl\" in 846.238ms"}}
[debug] [2024-10-03T18:50:46.283Z] [worker-asia-east1-addlineurl-ee5bee45-b730-4510-ab57-3eb1ad88b290]: IDLE {"metadata":{"emulator":{"name":"functions"},"function":{"name":"asia-east1-addlineurl"},"extension":{},"message":"[worker-asia-east1-addlineurl-ee5bee45-b730-4510-ab57-3eb1ad88b290]: IDLE"}}
[debug] [2024-10-03T18:50:46.284Z] Finishing up request with event=finish {"metadata":{"emulator":{"name":"functions"},"function":{"name":"asia-east1-addlineurl"},"extension":{},"message":"Finishing up request with event=finish"}}
[debug] [2024-10-03T18:50:46.284Z] Finishing up request with event=close {"metadata":{"emulator":{"name":"functions"},"function":{"name":"asia-east1-addlineurl"},"extension":{},"message":"Finishing up request with event=close"}}
[debug] [2024-10-03T18:50:46.284Z] [work-queue] {"queuedWork":[],"queueLength":0,"runningWork":[],"workRunningCount":0}
[debug] [2024-10-03T19:03:37.505Z] [work-queue] {"queuedWork":["/compassprdms/asia-east1/addlineurl-2024-10-03T19:03:37.505Z"],"queueLength":1,"runningWork":[],"workRunningCount":0}
[debug] [2024-10-03T19:03:37.505Z] [work-queue] {"queuedWork":[],"queueLength":0,"runningWork":["/compassprdms/asia-east1/addlineurl-2024-10-03T19:03:37.505Z"],"workRunningCount":1}
[debug] [2024-10-03T19:03:37.506Z] Accepted request GET /compassprdms/asia-east1/addlineurl --> asia-east1-addlineurl
[debug] [2024-10-03T19:03:37.506Z] [functions] Runtime ready! Sending request! {"metadata":{"emulator":{"name":"functions"},"message":"[functions] Runtime ready! Sending request!"}}
[debug] [2024-10-03T19:03:37.507Z] [functions] Got req.url=/compassprdms/asia-east1/addlineurl, mapping to path=/ {"metadata":{"emulator":{"name":"functions"},"message":"[functions] Got req.url=/compassprdms/asia-east1/addlineurl, mapping to path=/"}}
[debug] [2024-10-03T19:03:37.507Z] [worker-pool] submitRequest(triggerId=asia-east1-addlineurl) {"metadata":{"emulator":{"name":"functions"},"message":"[worker-pool] submitRequest(triggerId=asia-east1-addlineurl)"}}
[info] i  functions: Beginning execution of "asia-east1-addlineurl" {"metadata":{"emulator":{"name":"functions"},"function":{"name":"asia-east1-addlineurl"},"extension":{},"message":"Beginning execution of \"asia-east1-addlineurl\""}}
[debug] [2024-10-03T19:03:37.507Z] [worker-asia-east1-addlineurl-ee5bee45-b730-4510-ab57-3eb1ad88b290]: BUSY {"metadata":{"emulator":{"name":"functions"},"function":{"name":"asia-east1-addlineurl"},"extension":{},"message":"[worker-asia-east1-addlineurl-ee5bee45-b730-4510-ab57-3eb1ad88b290]: BUSY"}}
[warn] !  functions: TypeError: Cannot read properties of undefined (reading 'includes')
    at determineCategory (file:///C:/Users/JL/Documents/GitHub/dms-firebase/functions/node_modules/.pnpm/dms-scrape@0.4.0/node_modules/dms-scrape/lib/determineCategory.mjs:3:18)
    at processHTML (file:///C:/Users/JL/Documents/GitHub/dms-firebase/functions/node_modules/.pnpm/dms-scrape@0.4.0/node_modules/dms-scrape/lib/processHTML.mjs:39:34)
    at dmsScrape (file:///C:/Users/JL/Documents/GitHub/dms-firebase/functions/node_modules/.pnpm/dms-scrape@0.4.0/node_modules/dms-scrape/index.mjs:25:12)
    at process.processTicksAndRejections (node:internal/process/task_queues:95:5)
    at async file:///C:/Users/JL/Documents/GitHub/dms-firebase/functions/index.js:59:18
    at async runFunction (C:\Users\JL\AppData\Local\pnpm\global\5\.pnpm\firebase-tools@13.20.1_encoding@0.1.13\node_modules\firebase-tools\lib\emulator\functionsEmulatorRuntime.js:506:9)
    at async runHTTPS (C:\Users\JL\AppData\Local\pnpm\global\5\.pnpm\firebase-tools@13.20.1_encoding@0.1.13\node_modules\firebase-tools\lib\emulator\functionsEmulatorRuntime.js:531:5)
    at async C:\Users\JL\AppData\Local\pnpm\global\5\.pnpm\firebase-tools@13.20.1_encoding@0.1.13\node_modules\firebase-tools\lib\emulator\functionsEmulatorRuntime.js:694:21 {"metadata":{"emulator":{"name":"functions"},"function":{"name":"asia-east1-addlineurl"},"extension":{},"message":"TypeError: Cannot read properties of undefined (reading 'includes')\n    at determineCategory (file:///C:/Users/JL/Documents/GitHub/dms-firebase/functions/node_modules/.pnpm/dms-scrape@0.4.0/node_modules/dms-scrape/lib/determineCategory.mjs:3:18)\n    at processHTML (file:///C:/Users/JL/Documents/GitHub/dms-firebase/functions/node_modules/.pnpm/dms-scrape@0.4.0/node_modules/dms-scrape/lib/processHTML.mjs:39:34)\n    at dmsScrape (file:///C:/Users/JL/Documents/GitHub/dms-firebase/functions/node_modules/.pnpm/dms-scrape@0.4.0/node_modules/dms-scrape/index.mjs:25:12)\n    at process.processTicksAndRejections (node:internal/process/task_queues:95:5)\n    at async file:///C:/Users/JL/Documents/GitHub/dms-firebase/functions/index.js:59:18\n    at async runFunction (C:\\Users\\JL\\AppData\\Local\\pnpm\\global\\5\\.pnpm\\firebase-tools@13.20.1_encoding@0.1.13\\node_modules\\firebase-tools\\lib\\emulator\\functionsEmulatorRuntime.js:506:9)\n    at async runHTTPS (C:\\Users\\JL\\AppData\\Local\\pnpm\\global\\5\\.pnpm\\firebase-tools@13.20.1_encoding@0.1.13\\node_modules\\firebase-tools\\lib\\emulator\\functionsEmulatorRuntime.js:531:5)\n    at async C:\\Users\\JL\\AppData\\Local\\pnpm\\global\\5\\.pnpm\\firebase-tools@13.20.1_encoding@0.1.13\\node_modules\\firebase-tools\\lib\\emulator\\functionsEmulatorRuntime.js:694:21"}}
[warn] !  Your function was killed because it raised an unhandled error. {"metadata":{"emulator":{"name":"functions"},"function":{"name":"asia-east1-addlineurl"},"extension":{},"message":"Your function was killed because it raised an unhandled error."}}
[debug] [2024-10-03T19:03:37.588Z] Finishing up request with event=pause {"metadata":{"emulator":{"name":"functions"},"function":{"name":"asia-east1-addlineurl"},"extension":{},"message":"Finishing up request with event=pause"}}
[info] i  functions: Finished "asia-east1-addlineurl" in 80.6706ms {"metadata":{"emulator":{"name":"functions"},"function":{"name":"asia-east1-addlineurl"},"extension":{},"message":"Finished \"asia-east1-addlineurl\" in 80.6706ms"}}
[debug] [2024-10-03T19:03:37.588Z] [worker-asia-east1-addlineurl-ee5bee45-b730-4510-ab57-3eb1ad88b290]: IDLE {"metadata":{"emulator":{"name":"functions"},"function":{"name":"asia-east1-addlineurl"},"extension":{},"message":"[worker-asia-east1-addlineurl-ee5bee45-b730-4510-ab57-3eb1ad88b290]: IDLE"}}
[debug] [2024-10-03T19:03:37.588Z] Finishing up request with event=finish {"metadata":{"emulator":{"name":"functions"},"function":{"name":"asia-east1-addlineurl"},"extension":{},"message":"Finishing up request with event=finish"}}
[debug] [2024-10-03T19:03:37.588Z] Finishing up request with event=close {"metadata":{"emulator":{"name":"functions"},"function":{"name":"asia-east1-addlineurl"},"extension":{},"message":"Finishing up request with event=close"}}
[debug] [2024-10-03T19:03:37.589Z] [work-queue] {"queuedWork":[],"queueLength":0,"runningWork":[],"workRunningCount":0}
[debug] [2024-10-03T19:03:37.599Z] [worker-asia-east1-addlineurl-ee5bee45-b730-4510-ab57-3eb1ad88b290]: exited {"metadata":{"emulator":{"name":"functions"},"function":{"name":"asia-east1-addlineurl"},"extension":{},"message":"[worker-asia-east1-addlineurl-ee5bee45-b730-4510-ab57-3eb1ad88b290]: exited"}}
[debug] [2024-10-03T19:03:37.599Z] [worker-asia-east1-addlineurl-ee5bee45-b730-4510-ab57-3eb1ad88b290]: FINISHED {"metadata":{"emulator":{"name":"functions"},"function":{"name":"asia-east1-addlineurl"},"extension":{},"message":"[worker-asia-east1-addlineurl-ee5bee45-b730-4510-ab57-3eb1ad88b290]: FINISHED"}}
